TN:
SF:src/classify.js
FN:4,(anonymous_0)
FN:6,(anonymous_1)
FN:31,getCharCategoryId
FN:49,getCharClass
FN:67,countClasses
FNF:5
FNH:5
FNDA:10,(anonymous_0)
FNDA:8,(anonymous_1)
FNDA:5,getCharCategoryId
FNDA:10,getCharClass
FNDA:2,countClasses
DA:4,10
DA:5,2
DA:6,8
DA:7,2
DA:8,2
DA:11,2
DA:26,2
DA:32,5
DA:33,21
DA:35,4
DA:36,3
DA:37,10
DA:39,2
DA:40,2
DA:41,1
DA:50,10
DA:51,42
DA:53,8
DA:54,6
DA:55,20
DA:57,3
DA:58,3
DA:59,0
DA:68,2
DA:77,2
DA:78,10
DA:79,10
DA:80,10
DA:82,2
DA:83,2
DA:85,2
DA:86,2
DA:88,3
DA:89,3
DA:91,0
DA:92,0
DA:94,3
DA:95,3
DA:97,0
DA:100,2
LF:40
LH:36
BRDA:33,0,0,1
BRDA:33,0,1,20
BRDA:35,1,0,1
BRDA:35,1,1,3
BRDA:37,2,0,1
BRDA:37,2,1,9
BRDA:39,3,0,0
BRDA:39,3,1,2
BRDA:40,4,0,1
BRDA:40,4,1,1
BRDA:51,5,0,2
BRDA:51,5,1,40
BRDA:53,6,0,2
BRDA:53,6,1,6
BRDA:55,7,0,3
BRDA:55,7,1,17
BRDA:57,8,0,0
BRDA:57,8,1,3
BRDA:58,9,0,3
BRDA:58,9,1,0
BRDA:80,10,0,2
BRDA:80,10,1,2
BRDA:80,10,2,3
BRDA:80,10,3,0
BRDA:80,10,4,3
BRDA:80,10,5,0
BRF:26
BRH:21
end_of_record
TN:
SF:src/core/anomaly.js
FN:11,isWindowAbnormalBy3Sigma
FN:31,computeAnomalyScore
FNF:2
FNH:0
FNDA:0,isWindowAbnormalBy3Sigma
FNDA:0,computeAnomalyScore
DA:12,0
DA:13,0
DA:14,0
DA:15,0
DA:16,0
DA:17,0
DA:18,0
DA:21,0
DA:32,0
DA:33,0
DA:34,0
DA:35,0
DA:36,0
DA:37,0
DA:38,0
DA:39,0
DA:41,0
LF:17
LH:0
BRDA:11,0,0,0
BRDA:16,1,0,0
BRDA:16,1,1,0
BRDA:17,2,0,0
BRDA:17,2,1,0
BRDA:37,3,0,0
BRDA:37,3,1,0
BRF:7
BRH:0
end_of_record
TN:
SF:src/core/config.js
FNF:0
FNH:0
DA:2,0
LF:1
LH:0
BRF:0
BRH:0
end_of_record
TN:
SF:src/core/detector.js
FN:35,detectNoiseFragments
FNF:1
FNH:0
FNDA:0,detectNoiseFragments
DA:16,0
DA:23,0
DA:25,0
DA:36,0
DA:39,0
DA:40,0
DA:41,0
DA:44,0
DA:45,0
LF:9
LH:0
BRDA:23,0,0,0
BRDA:23,0,1,0
BRDA:40,1,0,0
BRDA:40,1,1,0
BRF:4
BRH:0
end_of_record
TN:
SF:src/core/exemptions.js
FN:15,subtractIntervals
FN:34,mergeIntervals
FN:36,(anonymous_2)
FN:55,ruleConsecutiveDigits
FN:62,(anonymous_4)
FN:63,(anonymous_5)
FN:86,ruleRemoveLowEntropyParagraphs
FN:95,(anonymous_7)
FN:113,(anonymous_8)
FN:127,stepApplyExemptions
FNF:10
FNH:0
FNDA:0,subtractIntervals
FNDA:0,mergeIntervals
FNDA:0,(anonymous_2)
FNDA:0,ruleConsecutiveDigits
FNDA:0,(anonymous_4)
FNDA:0,(anonymous_5)
FNDA:0,ruleRemoveLowEntropyParagraphs
FNDA:0,(anonymous_7)
FNDA:0,(anonymous_8)
FNDA:0,stepApplyExemptions
DA:10,0
DA:16,0
DA:17,0
DA:18,0
DA:19,0
DA:20,0
DA:21,0
DA:22,0
DA:23,0
DA:25,0
DA:26,0
DA:28,0
DA:29,0
DA:31,0
DA:35,0
DA:36,0
DA:37,0
DA:38,0
DA:39,0
DA:40,0
DA:41,0
DA:42,0
DA:44,0
DA:45,0
DA:48,0
DA:49,0
DA:56,0
DA:57,0
DA:58,0
DA:59,0
DA:60,0
DA:61,0
DA:62,0
DA:63,0
DA:64,0
DA:72,0
DA:73,0
DA:74,0
DA:76,0
DA:78,0
DA:79,0
DA:87,0
DA:88,0
DA:89,0
DA:90,0
DA:91,0
DA:92,0
DA:94,0
DA:95,0
DA:96,0
DA:97,0
DA:100,0
DA:101,0
DA:102,0
DA:104,0
DA:105,0
DA:106,0
DA:107,0
DA:108,0
DA:109,0
DA:113,0
DA:114,0
DA:116,0
DA:117,0
DA:128,0
DA:129,0
DA:130,0
DA:131,0
DA:132,0
DA:134,0
DA:135,0
DA:137,0
DA:139,0
DA:140,0
DA:141,0
DA:142,0
DA:143,0
DA:144,0
DA:146,0
DA:147,0
DA:150,0
DA:151,0
DA:154,0
DA:155,0
DA:156,0
DA:157,0
DA:158,0
DA:159,0
DA:161,0
DA:162,0
DA:165,0
DA:166,0
LF:92
LH:0
BRDA:19,0,0,0
BRDA:19,0,1,0
BRDA:19,1,0,0
BRDA:19,1,1,0
BRDA:22,2,0,0
BRDA:22,2,1,0
BRDA:26,3,0,0
BRDA:26,3,1,0
BRDA:28,4,0,0
BRDA:28,4,1,0
BRDA:35,5,0,0
BRDA:35,5,1,0
BRDA:41,6,0,0
BRDA:41,6,1,0
BRDA:58,7,0,0
BRDA:58,7,1,0
BRDA:61,8,0,0
BRDA:61,8,1,0
BRDA:72,9,0,0
BRDA:72,9,1,0
BRDA:73,10,0,0
BRDA:73,10,1,0
BRDA:86,11,0,0
BRDA:88,12,0,0
BRDA:88,12,1,0
BRDA:92,13,0,0
BRDA:92,13,1,0
BRDA:92,14,0,0
BRDA:92,14,1,0
BRDA:94,15,0,0
BRDA:94,15,1,0
BRDA:95,16,0,0
BRDA:95,16,1,0
BRDA:96,17,0,0
BRDA:96,17,1,0
BRDA:100,18,0,0
BRDA:100,18,1,0
BRDA:104,19,0,0
BRDA:104,19,1,0
BRDA:107,20,0,0
BRDA:107,20,1,0
BRDA:109,21,0,0
BRDA:109,21,1,0
BRDA:128,22,0,0
BRDA:128,22,1,0
BRDA:130,23,0,0
BRDA:130,23,1,0
BRDA:135,24,0,0
BRDA:135,24,1,0
BRDA:143,25,0,0
BRDA:143,25,1,0
BRDA:151,26,0,0
BRDA:151,26,1,0
BRDA:158,27,0,0
BRDA:158,27,1,0
BRDA:165,28,0,0
BRDA:165,28,1,0
BRF:57
BRH:0
end_of_record
TN:
SF:src/core/intervalUtils.js
FN:6,mergeWindows
FNF:1
FNH:0
FNDA:0,mergeWindows
DA:7,0
DA:8,0
DA:9,0
DA:10,0
DA:11,0
DA:12,0
DA:14,0
DA:15,0
DA:17,0
DA:18,0
DA:22,0
DA:23,0
DA:24,0
DA:28,0
DA:29,0
LF:15
LH:0
BRDA:10,0,0,0
BRDA:10,0,1,0
BRDA:11,1,0,0
BRDA:11,1,1,0
BRDA:14,2,0,0
BRDA:14,2,1,0
BRDA:22,3,0,0
BRDA:22,3,1,0
BRDA:28,4,0,0
BRDA:28,4,1,0
BRF:10
BRH:0
end_of_record
TN:
SF:src/core/paragraph.js
FN:14,getParagraphs
FN:31,getParagraphFeatures
FN:34,(anonymous_2)
FN:35,(anonymous_3)
FN:49,isParagraphAbnormal
FN:58,precomputeParagraphStats
FN:121,getCachedParagraphs
FN:128,getCachedParagraphFeatures
FN:136,getCachedParagraphEntropy
FN:144,getNearbyParagraphStatsCached
FN:153,clearParagraphCache
FN:164,computePermutationEntropy
FN:174,(anonymous_12)
FN:178,(anonymous_13)
FN:188,factorial
FNF:15
FNH:5
FNDA:2,getParagraphs
FNDA:0,getParagraphFeatures
FNDA:0,(anonymous_2)
FNDA:0,(anonymous_3)
FNDA:0,isParagraphAbnormal
FNDA:0,precomputeParagraphStats
FNDA:0,getCachedParagraphs
FNDA:0,getCachedParagraphFeatures
FNDA:0,getCachedParagraphEntropy
FNDA:0,getNearbyParagraphStatsCached
FNDA:0,clearParagraphCache
FNDA:5,computePermutationEntropy
FNDA:87,(anonymous_12)
FNDA:9,(anonymous_13)
FNDA:12,factorial
DA:5,1
DA:6,1
DA:7,1
DA:8,1
DA:9,1
DA:15,2
DA:16,2
DA:17,2
DA:19,2
DA:20,3
DA:21,3
DA:22,3
DA:24,2
DA:25,2
DA:32,0
DA:33,0
DA:34,0
DA:35,0
DA:36,0
DA:50,0
DA:51,0
DA:52,0
DA:59,0
DA:61,0
DA:62,0
DA:64,0
DA:65,0
DA:66,0
DA:67,0
DA:70,0
DA:71,0
DA:72,0
DA:73,0
DA:74,0
DA:75,0
DA:76,0
DA:80,0
DA:82,0
DA:83,0
DA:84,0
DA:85,0
DA:86,0
DA:88,0
DA:89,0
DA:90,0
DA:91,0
DA:92,0
DA:96,0
DA:97,0
DA:98,0
DA:102,0
DA:103,0
DA:104,0
DA:106,0
DA:108,0
DA:109,0
DA:110,0
DA:112,0
DA:114,0
DA:122,0
DA:129,0
DA:130,0
DA:137,0
DA:138,0
DA:145,0
DA:146,0
DA:147,0
DA:154,0
DA:155,0
DA:156,0
DA:157,0
DA:158,0
DA:165,5
DA:166,4
DA:167,4
DA:168,47
DA:170,4
DA:171,4
DA:172,4
DA:173,39
DA:174,87
DA:175,39
DA:176,39
DA:178,9
DA:179,4
DA:180,4
DA:181,9
DA:182,9
DA:184,4
DA:185,4
DA:189,12
DA:190,8
LF:92
LH:34
BRDA:21,0,0,2
BRDA:21,0,1,1
BRDA:24,1,0,1
BRDA:24,1,1,1
BRDA:33,2,0,0
BRDA:33,2,1,0
BRDA:49,3,0,0
BRDA:51,4,0,0
BRDA:51,4,1,0
BRDA:58,5,0,0
BRDA:58,6,0,0
BRDA:59,7,0,0
BRDA:59,7,1,0
BRDA:62,8,0,0
BRDA:62,8,1,0
BRDA:89,9,0,0
BRDA:89,9,1,0
BRDA:91,10,0,0
BRDA:91,10,1,0
BRDA:91,11,0,0
BRDA:91,11,1,0
BRDA:92,12,0,0
BRDA:92,12,1,0
BRDA:96,13,0,0
BRDA:96,13,1,0
BRDA:129,14,0,0
BRDA:129,14,1,0
BRDA:137,15,0,0
BRDA:137,15,1,0
BRDA:145,16,0,0
BRDA:145,16,1,0
BRDA:146,17,0,0
BRDA:146,17,1,0
BRDA:146,18,0,0
BRDA:146,18,1,0
BRDA:164,19,0,5
BRDA:164,20,0,5
BRDA:165,21,0,1
BRDA:165,21,1,4
BRDA:176,22,0,39
BRDA:176,22,1,9
BRDA:185,23,0,0
BRDA:185,23,1,4
BRDA:189,24,0,4
BRDA:189,24,1,8
BRF:45
BRH:13
end_of_record
TN:
SF:src/core/pipeline.js
FN:8,runPipeline
FNF:1
FNH:0
FNDA:0,runPipeline
DA:3,0
DA:9,0
DA:10,0
DA:12,0
DA:14,0
DA:15,0
DA:16,0
DA:17,0
DA:18,0
DA:19,0
DA:20,0
DA:21,0
DA:23,0
DA:24,0
DA:30,0
DA:31,0
DA:32,0
DA:40,0
DA:41,0
LF:19
LH:0
BRDA:8,0,0,0
BRDA:19,1,0,0
BRDA:19,1,1,0
BRDA:26,2,0,0
BRDA:26,2,1,0
BRDA:31,3,0,0
BRDA:31,3,1,0
BRF:7
BRH:0
end_of_record
TN:
SF:src/core/refine.js
FN:11,mergeWindows
FN:38,tightenBoundary
FN:42,(anonymous_2)
FN:53,computeCombinedScore
FN:62,refineFragment
FN:67,(anonymous_5)
FN:79,(anonymous_6)
FNF:7
FNH:0
FNDA:0,mergeWindows
FNDA:0,tightenBoundary
FNDA:0,(anonymous_2)
FNDA:0,computeCombinedScore
FNDA:0,refineFragment
FNDA:0,(anonymous_5)
FNDA:0,(anonymous_6)
DA:5,0
DA:6,0
DA:7,0
DA:8,0
DA:9,0
DA:13,0
DA:14,0
DA:15,0
DA:16,0
DA:17,0
DA:18,0
DA:20,0
DA:21,0
DA:23,0
DA:24,0
DA:28,0
DA:29,0
DA:30,0
DA:34,0
DA:35,0
DA:39,0
DA:40,0
DA:41,0
DA:42,0
DA:43,0
DA:44,0
DA:45,0
DA:47,0
DA:48,0
DA:50,0
DA:54,0
DA:55,0
DA:57,0
DA:58,0
DA:59,0
DA:63,0
DA:64,0
DA:65,0
DA:67,0
DA:68,0
DA:69,0
DA:71,0
DA:73,0
DA:74,0
DA:76,0
DA:77,0
DA:78,0
DA:79,0
LF:48
LH:0
BRDA:16,0,0,0
BRDA:16,0,1,0
BRDA:17,1,0,0
BRDA:17,1,1,0
BRDA:20,2,0,0
BRDA:20,2,1,0
BRDA:28,3,0,0
BRDA:28,3,1,0
BRDA:34,4,0,0
BRDA:34,4,1,0
BRDA:40,5,0,0
BRDA:40,5,1,0
BRDA:45,6,0,0
BRDA:45,6,1,0
BRDA:47,7,0,0
BRDA:47,7,1,0
BRDA:47,8,0,0
BRDA:47,8,1,0
BRDA:47,8,2,0
BRDA:65,9,0,0
BRDA:65,9,1,0
BRDA:74,10,0,0
BRDA:74,10,1,0
BRF:23
BRH:0
end_of_record
TN:
SF:src/core/stats.js
FN:5,(anonymous_0)
FN:5,(anonymous_1)
FN:6,(anonymous_2)
FN:7,(anonymous_3)
FN:7,(anonymous_4)
FN:8,(anonymous_5)
FN:9,(anonymous_6)
FN:10,(anonymous_7)
FN:20,computeWindowFeatures
FN:42,computeMeanStd
FNF:10
FNH:0
FNDA:0,(anonymous_0)
FNDA:0,(anonymous_1)
FNDA:0,(anonymous_2)
FNDA:0,(anonymous_3)
FNDA:0,(anonymous_4)
FNDA:0,(anonymous_5)
FNDA:0,(anonymous_6)
FNDA:0,(anonymous_7)
FNDA:0,computeWindowFeatures
FNDA:0,computeMeanStd
DA:4,1
DA:5,0
DA:6,0
DA:7,0
DA:8,0
DA:9,0
DA:10,0
DA:21,0
DA:22,0
DA:23,0
DA:24,0
DA:25,0
DA:26,0
DA:27,0
DA:28,0
DA:29,0
DA:30,0
DA:32,0
DA:34,0
DA:43,0
DA:44,0
DA:45,0
DA:46,0
DA:47,0
DA:49,0
DA:50,0
DA:51,0
DA:52,0
DA:53,0
DA:54,0
DA:57,0
DA:58,0
DA:59,0
DA:60,0
DA:61,0
DA:62,0
DA:63,0
DA:64,0
DA:66,0
LF:39
LH:1
BRDA:27,0,0,0
BRDA:27,0,1,0
BRF:2
BRH:0
end_of_record
TN:
SF:src/core/transitions.js
FN:8,buildTransitionMatrix
FN:9,(anonymous_1)
FN:26,computeTransitionProbs
FN:27,(anonymous_3)
FN:29,(anonymous_4)
FN:43,computePerplexity
FNF:6
FNH:0
FNDA:0,buildTransitionMatrix
FNDA:0,(anonymous_1)
FNDA:0,computeTransitionProbs
FNDA:0,(anonymous_3)
FNDA:0,(anonymous_4)
FNDA:0,computePerplexity
DA:9,0
DA:10,0
DA:12,0
DA:13,0
DA:14,0
DA:15,0
DA:16,0
DA:18,0
DA:27,0
DA:28,0
DA:29,0
DA:30,0
DA:31,0
DA:34,0
DA:44,0
DA:45,0
DA:46,0
DA:47,0
DA:48,0
DA:49,0
DA:51,0
DA:52,0
DA:54,0
DA:55,0
LF:24
LH:0
BRDA:10,0,0,0
BRDA:10,0,1,0
BRDA:26,1,0,0
BRDA:44,2,0,0
BRDA:44,2,1,0
BRF:5
BRH:0
end_of_record
TN:
SF:src/core/utils/featureUtils.js
FN:8,extractFeatures
FN:9,(anonymous_1)
FN:17,extractFeatureMatrix
FN:18,(anonymous_3)
FNF:4
FNH:4
FNDA:3,extractFeatures
FNDA:18,(anonymous_1)
FNDA:1,extractFeatureMatrix
FNDA:2,(anonymous_3)
DA:1,1
DA:9,18
DA:18,2
LF:3
LH:3
BRF:0
BRH:0
end_of_record
TN:
SF:src/core/utils/intervalUtils.js
FN:6,mergeIntervals
FN:8,(anonymous_1)
FN:30,subtractIntervals
FN:34,(anonymous_3)
FN:57,trimFragment
FNF:5
FNH:5
FNDA:2,mergeIntervals
FNDA:3,(anonymous_1)
FNDA:2,subtractIntervals
FNDA:1,(anonymous_3)
FNDA:2,trimFragment
DA:7,2
DA:8,3
DA:9,2
DA:10,2
DA:11,2
DA:12,3
DA:13,3
DA:14,2
DA:16,1
DA:17,1
DA:20,2
DA:21,2
DA:31,2
DA:32,1
DA:33,1
DA:34,1
DA:35,1
DA:36,2
DA:37,2
DA:38,2
DA:39,2
DA:40,2
DA:42,2
DA:43,2
DA:45,1
DA:46,1
DA:48,1
DA:58,2
DA:59,2
DA:60,2
DA:61,2
DA:62,2
LF:32
LH:32
BRDA:7,0,0,0
BRDA:7,0,1,2
BRDA:13,1,0,2
BRDA:13,1,1,1
BRDA:31,2,0,1
BRDA:31,2,1,1
BRDA:36,3,0,0
BRDA:36,3,1,2
BRDA:36,4,0,2
BRDA:36,4,1,2
BRDA:39,5,0,2
BRDA:39,5,1,0
BRDA:43,6,0,0
BRDA:43,6,1,2
BRDA:45,7,0,1
BRDA:45,7,1,0
BRDA:60,8,0,4
BRDA:60,8,1,4
BRDA:61,9,0,4
BRDA:61,9,1,4
BRF:20
BRH:15
end_of_record
